iMPACT Version: 14.7

iMPACT log file Started on Tue Nov 05 16:40:10 2024

Welcome to iMPACT
iMPACT Version: 14.7
Project: 'C:\Xilinx\14.7\ISE_DS\\auto_project.ipf' already exists.
Original project has been renamed to'C:\Xilinx\14.7\ISE_DS\\auto_project_1.ipf'.
Project: C:\Xilinx\14.7\ISE_DS\\auto_project.ipf created.
// *** BATCH CMD : setMode -bs
GUI --- Auto connect to cable...
// *** BATCH CMD : setCable -port auto
INFO:iMPACT - Digilent Plugin: Plugin Version: 2.4.4
INFO:iMPACT - Digilent Plugin: no JTAG device was found.
AutoDetecting cable. Please wait.
*** WARNING ***: When port is set to auto detect mode, cable speed is set todefault 6 MHz regardless of explicit arguments supplied for setting the baudrates
PROGRESS_START - Starting Operation.
Connecting to cable (Usb Port - USB21).
Checking cable driver.
 Driver file xusbdfwu.sys found.
 Driver version: src=1027, dest=1027.
 Driver windrvr6.sys version = 11.0.0.0. WinDriver v11.00 Jungo (c) 1997 - 2012 Build Date: Feb 27 2012 x86_64 64bit SYS14:32:14, version = 1100.
 Cable PID = 0008.
 Max current requested during enumeration is 280 mA.
Type = 0x0605.
 Cable Type = 3, Revision = 0.
 Setting cable speed to 6 MHz.
Cable connection established.
Firmware version = 1027.
File version of C:/Xilinx/14.7/ISE_DS/ISE/data/xusbdfwu.hex = 1100.
Firmware hex file version = 1100.
Downloading C:/Xilinx/14.7/ISE_DS/ISE/data/xusbdfwu.hex.
Downloaded firmware version = 1100.
PLD file version = 0012h.
 PLD version = 0012h.
PROGRESS_END - End Operation.
Elapsed time =      1 sec.
Type = 0x0605.
ESN not available for this cable.
Attempting to identify devices in the boundary-scan chain configuration...
INFO:iMPACT - Current time: 11/05/2024 04:40:13 È.Ù
// *** BATCH CMD : Identify -inferir 
PROGRESS_START - Starting Operation.
Identifying chain contents...'0': : Manufacturer's ID = Xilinx xc3s400, Version : 0
INFO:iMPACT:1777 - 
   Reading C:/Xilinx/14.7/ISE_DS/ISE/spartan3/data/xc3s400.bsd...
INFO:iMPACT:501 - '1': Added Device xc3s400 successfully.
----------------------------------------------------------------------
'1': : Manufacturer's ID = Xilinx xcf02s, Version : 15
INFO:iMPACT:1777 - 
   Reading C:/Xilinx/14.7/ISE_DS/ISE/xcf/data/xcf02s.bsd...
INFO:iMPACT:501 - '1': Added Device xcf02s successfully.
----------------------------------------------------------------------
done.
PROGRESS_END - End Operation.
Elapsed time =      0 sec.
// *** BATCH CMD : identifyMPM 
// *** BATCH CMD : assignFile -p 2 -file "D:/ummm/adder/finalfulladder.bit"
'2': Loading file 'D:/ummm/adder/finalfulladder.bit' ...
done.
INFO:iMPACT:2257 - Startup Clock has been changed to 'JtagClk' in the bitstream   stored in memory,
   but the original bitstream file remains unchanged.
UserID read from the bitstream file = 0xFFFFFFFF.
----------------------------------------------------------------------
INFO:iMPACT:501 - '2': Added Device xc3s400 successfully.
----------------------------------------------------------------------
INFO:iMPACT - Current time: 11/05/2024 04:40:28 È.Ù
// *** BATCH CMD : Program -p 2 
Maximum TCK operating frequency for this device chain: 15000000.
Validating chain...
Boundary-scan chain validated successfully.
'2': Programming device...
PROGRESS_START - Starting Operation.
 Match_cycle = NoWait.
Match cycle: NoWait
 LCK_cycle = NoWait.
LCK cycle: NoWait
done.
WARNING:iMPACT:2217 - Error shows in the status register, CRC Error bit is NOT   0.
INFO:iMPACT:2219 - Status register values:
INFO:iMPACT - 1011 0000 1111 0000 0000 0000 0000 0000 
INFO:iMPACT:579 - '2': Completed downloading bit file to device.
INFO:iMPACT:188 - '2': Programming completed successfully.
 Match_cycle = NoWait.
Match cycle: NoWait
 LCK_cycle = NoWait.
LCK cycle: NoWait
INFO:iMPACT - '2': Checking done pin....done.
'2': Programming terminated. DONE did not go high.
PROGRESS_END - End Operation.
Elapsed time =      0 sec.
INFO:iMPACT - Current time: 11/05/2024 04:40:32 È.Ù
// *** BATCH CMD : ReadIdcode -p 2 
Maximum TCK operating frequency for this device chain: 15000000.
Validating chain...
Boundary-scan chain validated successfully.
'2': IDCODE is '00000001010000011100000010010011'
'2': IDCODE is '0141c093' (in hex).
'2': : Manufacturer's ID = Xilinx xc3s400, Version : 0
INFO:iMPACT - Current time: 11/05/2024 04:40:33 È.Ù
// *** BATCH CMD : Program -p 2 
Maximum TCK operating frequency for this device chain: 15000000.
Validating chain...
Boundary-scan chain validated successfully.
'2': Programming device...
PROGRESS_START - Starting Operation.
 Match_cycle = NoWait.
Match cycle: NoWait
 LCK_cycle = NoWait.
LCK cycle: NoWait
done.
INFO:iMPACT:2219 - Status register values:
INFO:iMPACT - 0011 0111 1111 1000 0000 0000 0000 0000 
INFO:iMPACT:579 - '2': Completed downloading bit file to device.
INFO:iMPACT:188 - '2': Programming completed successfully.
 Match_cycle = NoWait.
Match cycle: NoWait
 LCK_cycle = NoWait.
LCK cycle: NoWait
INFO:iMPACT - '2': Checking done pin....done.
'2': Programmed successfully.
PROGRESS_END - End Operation.
Elapsed time =      1 sec.
Cable is not connected.
Project: 'C:\Xilinx\14.7\ISE_DS\\auto_project.ipf' created.
// *** BATCH CMD : setMode -bs
// *** BATCH CMD : setMode -ss
// *** BATCH CMD : setMode -sm
// *** BATCH CMD : setMode -hw140
// *** BATCH CMD : setMode -spi
// *** BATCH CMD : setMode -acecf
// *** BATCH CMD : setMode -acempm
// *** BATCH CMD : setMode -pff
// *** BATCH CMD : setMode -bs
// *** BATCH CMD : saveProjectFile -file"C:\Xilinx\14.7\ISE_DS\\auto_project.ipf"
// *** BATCH CMD : setMode -bs
INFO:iMPACT - Launching WebTalk, please refer to the webtalk log at   C:\Xilinx\14.7\ISE_DS\webtalk.log for details.
INFO:iMPACT - Running wbtc successfully.
// *** BATCH CMD : setMode -bs
// *** BATCH CMD : deleteDevice -position 1
----------------------------------------------------------------------
// *** BATCH CMD : deleteDevice -position 1
// *** BATCH CMD : setMode -bs
// *** BATCH CMD : setMode -ss
// *** BATCH CMD : setMode -sm
// *** BATCH CMD : setMode -hw140
// *** BATCH CMD : setMode -spi
// *** BATCH CMD : setMode -acecf
// *** BATCH CMD : setMode -acempm
// *** BATCH CMD : setMode -pff
