Running: C:\Xilinx\14.7\ISE_DS\ISE\bin\nt64\unwrapped\fuse.exe -intstyle ise -incremental -lib unisims_ver -lib unimacro_ver -lib xilinxcorelib_ver -o D:/ilck/az10/sys_tb_isim_beh.exe -prj D:/ilck/az10/sys_tb_beh.prj work.sys_tb work.glbl 
ISim P.20131013 (signature 0x7708f090)
Number of CPUs detected in this system: 8
Turning on mult-threading, number of parallel sub-compilation jobs: 16 
Determining compilation order of HDL files
Analyzing Verilog file "D:/ilck/az10/reg4bit.v" into library work
Analyzing Verilog file "D:/ilck/az10/sys.v" into library work
Analyzing Verilog file "D:/ilck/az10/sys_tb.v" into library work
Analyzing Verilog file "C:/Xilinx/14.7/ISE_DS/ISE//verilog/src/glbl.v" into library work
Starting static elaboration
Completed static elaboration
Compiling module reg4bit
Compiling module sys
Compiling module sys_tb
Compiling module glbl
Time Resolution for simulation is 1ps.
Waiting for 1 sub-compilation(s) to finish...
Compiled 4 Verilog Units
Built simulation executable D:/ilck/az10/sys_tb_isim_beh.exe
Fuse Memory Usage: 29360 KB
Fuse CPU Usage: 264 ms
