Release 14.7 - xst P.20131013 (nt64)
Copyright (c) 1995-2013 Xilinx, Inc.  All rights reserved.
--> Parameter TMPDIR set to xst/projnav.tmp


Total REAL time to Xst completion: 0.00 secs
Total CPU time to Xst completion: 0.05 secs
 
--> Parameter xsthdpdir set to xst


Total REAL time to Xst completion: 0.00 secs
Total CPU time to Xst completion: 0.06 secs
 
--> Reading design: sys.prj

TABLE OF CONTENTS
  1) Synthesis Options Summary
  2) HDL Compilation
  3) Design Hierarchy Analysis
  4) HDL Analysis
  5) HDL Synthesis
     5.1) HDL Synthesis Report
  6) Advanced HDL Synthesis
     6.1) Advanced HDL Synthesis Report
  7) Low Level Synthesis
  8) Partition Report
  9) Final Report
	9.1) Device utilization summary
	9.2) Partition Resource Summary
	9.3) TIMING REPORT


=========================================================================
*                      Synthesis Options Summary                        *
=========================================================================
---- Source Parameters
Input File Name                    : "sys.prj"
Input Format                       : mixed
Ignore Synthesis Constraint File   : NO

---- Target Parameters
Output File Name                   : "sys"
Output Format                      : NGC
Target Device                      : xc3s400-5-pq208

---- Source Options
Top Module Name                    : sys
Automatic FSM Extraction           : YES
FSM Encoding Algorithm             : Auto
Safe Implementation                : No
FSM Style                          : LUT
RAM Extraction                     : Yes
RAM Style                          : Auto
ROM Extraction                     : Yes
Mux Style                          : Auto
Decoder Extraction                 : YES
Priority Encoder Extraction        : Yes
Shift Register Extraction          : YES
Logical Shifter Extraction         : YES
XOR Collapsing                     : YES
ROM Style                          : Auto
Mux Extraction                     : Yes
Resource Sharing                   : YES
Asynchronous To Synchronous        : NO
Multiplier Style                   : Auto
Automatic Register Balancing       : No

---- Target Options
Add IO Buffers                     : YES
Global Maximum Fanout              : 500
Add Generic Clock Buffer(BUFG)     : 8
Register Duplication               : YES
Slice Packing                      : YES
Optimize Instantiated Primitives   : NO
Use Clock Enable                   : Yes
Use Synchronous Set                : Yes
Use Synchronous Reset              : Yes
Pack IO Registers into IOBs        : Auto
Equivalent register Removal        : YES

---- General Options
Optimization Goal                  : Speed
Optimization Effort                : 1
Keep Hierarchy                     : No
Netlist Hierarchy                  : As_Optimized
RTL Output                         : Yes
Global Optimization                : AllClockNets
Read Cores                         : YES
Write Timing Constraints           : NO
Cross Clock Analysis               : NO
Hierarchy Separator                : /
Bus Delimiter                      : <>
Case Specifier                     : Maintain
Slice Utilization Ratio            : 100
BRAM Utilization Ratio             : 100
Verilog 2001                       : YES
Auto BRAM Packing                  : NO
Slice Utilization Ratio Delta      : 5

=========================================================================


=========================================================================
*                          HDL Compilation                              *
=========================================================================
Compiling verilog file "reg4bit.v" in library work
Compiling verilog file "sys.v" in library work
Module <reg4bit> compiled
Module <sys> compiled
No errors in compilation
Analysis of file <"sys.prj"> succeeded.
 

=========================================================================
*                     Design Hierarchy Analysis                         *
=========================================================================
Analyzing hierarchy for module <sys> in library <work> with parameters.
	ACTIVE = "001"
	CORRECT_PASSWORD = "1101"
	IDLE = "000"
	REQUEST = "101"
	SAVE = "110"
	TRAP = "111"

Analyzing hierarchy for module <reg4bit> in library <work>.


=========================================================================
*                            HDL Analysis                               *
=========================================================================
Analyzing top module <sys>.
	ACTIVE = 3'b001
	CORRECT_PASSWORD = 4'b1101
	IDLE = 3'b000
	REQUEST = 3'b101
	SAVE = 3'b110
	TRAP = 3'b111
Module <sys> is correct for synthesis.
 
Analyzing module <reg4bit> in library <work>.
Module <reg4bit> is correct for synthesis.
 

=========================================================================
*                           HDL Synthesis                               *
=========================================================================

Performing bidirectional port resolution...

Synthesizing Unit <reg4bit>.
    Related source file is "reg4bit.v".
    Found 4-bit register for signal <Dout>.
    Summary:
	inferred   4 D-type flip-flop(s).
Unit <reg4bit> synthesized.


Synthesizing Unit <sys>.
    Related source file is "sys.v".
    Found 3-bit register for signal <current_state>.
    Summary:
	inferred   3 D-type flip-flop(s).
Unit <sys> synthesized.


=========================================================================
HDL Synthesis Report

Macro Statistics
# Registers                                            : 3
 3-bit register                                        : 1
 4-bit register                                        : 2

=========================================================================

=========================================================================
*                       Advanced HDL Synthesis                          *
=========================================================================


=========================================================================
Advanced HDL Synthesis Report

Macro Statistics
# Registers                                            : 11
 Flip-Flops                                            : 11

=========================================================================

=========================================================================
*                         Low Level Synthesis                           *
=========================================================================

Optimizing unit <sys> ...

Mapping all equations...
Building and optimizing final netlist ...
Found area constraint ratio of 100 (+ 5) on block sys, actual ratio is 0.

Final Macro Processing ...

=========================================================================
Final Register Report

Macro Statistics
# Registers                                            : 11
 Flip-Flops                                            : 11

=========================================================================

=========================================================================
*                           Partition Report                            *
=========================================================================

Partition Implementation Status
-------------------------------

  No Partitions were found in this design.

-------------------------------

=========================================================================
*                            Final Report                               *
=========================================================================
Final Results
RTL Top Level Output File Name     : sys.ngr
Top Level Output File Name         : sys
Output Format                      : NGC
Optimization Goal                  : Speed
Keep Hierarchy                     : No

Design Statistics
# IOs                              : 23

Cell Usage :
# BELS                             : 15
#      LUT2                        : 1
#      LUT2_L                      : 1
#      LUT3                        : 5
#      LUT4                        : 6
#      MUXF5                       : 2
# FlipFlops/Latches                : 11
#      FDC                         : 3
#      FDCE                        : 8
# Clock Buffers                    : 1
#      BUFGP                       : 1
# IO Buffers                       : 22
#      IBUF                        : 11
#      OBUF                        : 11
=========================================================================

Device utilization summary:
---------------------------

Selected Device : 3s400pq208-5 

 Number of Slices:                        8  out of   3584     0%  
 Number of Slice Flip Flops:             11  out of   7168     0%  
 Number of 4 input LUTs:                 13  out of   7168     0%  
 Number of IOs:                          23
 Number of bonded IOBs:                  23  out of    141    16%  
 Number of GCLKs:                         1  out of      8    12%  

---------------------------
Partition Resource Summary:
---------------------------

  No Partitions were found in this design.

---------------------------


=========================================================================
TIMING REPORT

NOTE: THESE TIMING NUMBERS ARE ONLY A SYNTHESIS ESTIMATE.
      FOR ACCURATE TIMING INFORMATION PLEASE REFER TO THE TRACE REPORT
      GENERATED AFTER PLACE-and-ROUTE.

Clock Information:
------------------
-----------------------------------+------------------------+-------+
Clock Signal                       | Clock buffer(FF name)  | Load  |
-----------------------------------+------------------------+-------+
clk                                | BUFGP                  | 11    |
-----------------------------------+------------------------+-------+

Asynchronous Control Signals Information:
----------------------------------------
-----------------------------------+------------------------+-------+
Control Signal                     | Buffer(FF name)        | Load  |
-----------------------------------+------------------------+-------+
reset                              | IBUF                   | 11    |
-----------------------------------+------------------------+-------+

Timing Summary:
---------------
Speed Grade: -5

   Minimum period: 3.554ns (Maximum Frequency: 281.341MHz)
   Minimum input arrival time before clock: 5.168ns
   Maximum output required time after clock: 6.456ns
   Maximum combinational path delay: No path found

Timing Detail:
--------------
All values displayed in nanoseconds (ns)

=========================================================================
Timing constraint: Default period analysis for Clock 'clk'
  Clock period: 3.554ns (frequency: 281.341MHz)
  Total number of paths / destination ports: 38 / 11
-------------------------------------------------------------------------
Delay:               3.554ns (Levels of Logic = 2)
  Source:            current_state_2 (FF)
  Destination:       current_state_1 (FF)
  Source Clock:      clk rising
  Destination Clock: clk rising

  Data Path: current_state_2 to current_state_1
                                Gate     Net
    Cell:in->out      fanout   Delay   Delay  Logical Name (Net Name)
    ----------------------------------------  ------------
     FDC:C->Q              8   0.626   0.944  current_state_2 (current_state_2)
     LUT4:I3->O            1   0.479   0.851  next_state<1>21 (next_state<1>21)
     LUT4:I1->O            1   0.479   0.000  next_state<1>38 (next_state<1>)
     FDC:D                     0.176          current_state_1
    ----------------------------------------
    Total                      3.554ns (1.760ns logic, 1.794ns route)
                                       (49.5% logic, 50.5% route)

=========================================================================
Timing constraint: Default OFFSET IN BEFORE for Clock 'clk'
  Total number of paths / destination ports: 45 / 19
-------------------------------------------------------------------------
Offset:              5.168ns (Levels of Logic = 3)
  Source:            Request (PAD)
  Destination:       even_register/Dout_3 (FF)
  Destination Clock: clk rising

  Data Path: Request to even_register/Dout_3
                                Gate     Net
    Cell:in->out      fanout   Delay   Delay  Logical Name (Net Name)
    ----------------------------------------  ------------
     IBUF:I->O             8   0.715   1.216  Request_IBUF (Request_IBUF)
     LUT3:I0->O            1   0.479   0.976  even_en_SW0 (N8)
     LUT4:I0->O            4   0.479   0.779  even_en (even_en)
     FDCE:CE                   0.524          even_register/Dout_0
    ----------------------------------------
    Total                      5.168ns (2.197ns logic, 2.971ns route)
                                       (42.5% logic, 57.5% route)

=========================================================================
Timing constraint: Default OFFSET OUT AFTER for Clock 'clk'
  Total number of paths / destination ports: 11 / 11
-------------------------------------------------------------------------
Offset:              6.456ns (Levels of Logic = 1)
  Source:            current_state_2 (FF)
  Destination:       current_state<2> (PAD)
  Source Clock:      clk rising

  Data Path: current_state_2 to current_state<2>
                                Gate     Net
    Cell:in->out      fanout   Delay   Delay  Logical Name (Net Name)
    ----------------------------------------  ------------
     FDC:C->Q              8   0.626   0.921  current_state_2 (current_state_2)
     OBUF:I->O                 4.909          current_state_2_OBUF (current_state<2>)
    ----------------------------------------
    Total                      6.456ns (5.535ns logic, 0.921ns route)
                                       (85.7% logic, 14.3% route)

=========================================================================


Total REAL time to Xst completion: 3.00 secs
Total CPU time to Xst completion: 3.03 secs
 
--> 

Total memory usage is 256116 kilobytes

Number of errors   :    0 (   0 filtered)
Number of warnings :    0 (   0 filtered)
Number of infos    :    0 (   0 filtered)

