Running: C:\Xilinx\14.7\ISE_DS\ISE\bin\nt64\unwrapped\fuse.exe -intstyle ise -incremental -lib unisims_ver -lib unimacro_ver -lib xilinxcorelib_ver -o D:/ilck/comparator/testtt8b_isim_beh.exe -prj D:/ilck/comparator/testtt8b_beh.prj work.testtt8b work.glbl 
ISim P.20131013 (signature 0x7708f090)
Number of CPUs detected in this system: 8
Turning on mult-threading, number of parallel sub-compilation jobs: 16 
Determining compilation order of HDL files
Analyzing Verilog file "D:/ilck/comparator/comparatoeB.v" into library work
Analyzing Verilog file "D:/ilck/comparator/comprator8b.v" into library work
Analyzing Verilog file "D:/ilck/comparator/testtt8b.v" into library work
Analyzing Verilog file "C:/Xilinx/14.7/ISE_DS/ISE//verilog/src/glbl.v" into library work
Starting static elaboration
Completed static elaboration
Compiling module comparatoeB
Compiling module comprator8b
Compiling module testtt8b
Compiling module glbl
Time Resolution for simulation is 1ps.
Waiting for 1 sub-compilation(s) to finish...
Compiled 4 Verilog Units
Built simulation executable D:/ilck/comparator/testtt8b_isim_beh.exe
Fuse Memory Usage: 29236 KB
Fuse CPU Usage: 249 ms
